Build started 11/6/2014 11:47:48 PM.
     1>Project "C:\Users\Lucy\Desktop\CS31\piano\piano\piano.vcxproj" on node 2 (Build target(s)).
     1>ClCompile:
         C:\Program Files (x86)\Microsoft Visual Studio 12.0\VC\bin\CL.exe /c /ZI /nologo /W3 /WX- /sdl /Od /Oy- /D _MBCS /Gm /EHsc /RTC1 /MDd /GS /fp:precise /Zc:wchar_t /Zc:forScope /Fo"Debug\\" /Fd"Debug\vc120.pdb" /Gd /TP /analyze- /errorReport:prompt piano.cpp
         piano.cpp
     1>c:\users\lucy\desktop\cs31\piano\piano\piano.cpp(35): warning C4018: '<' : signed/unsigned mismatch
     1>c:\users\lucy\desktop\cs31\piano\piano\piano.cpp(76): warning C4018: '<' : signed/unsigned mismatch
     1>c:\users\lucy\desktop\cs31\piano\piano\piano.cpp(125): warning C4018: '<' : signed/unsigned mismatch
     1>c:\users\lucy\desktop\cs31\piano\piano\piano.cpp(130): warning C4018: '<' : signed/unsigned mismatch
     1>c:\users\lucy\desktop\cs31\piano\piano\piano.cpp(141): warning C4018: '<' : signed/unsigned mismatch
     1>c:\users\lucy\desktop\cs31\piano\piano\piano.cpp(157): warning C4018: '<' : signed/unsigned mismatch
     1>c:\users\lucy\desktop\cs31\piano\piano\piano.cpp(242): warning C4018: '<' : signed/unsigned mismatch
     1>c:\users\lucy\desktop\cs31\piano\piano\piano.cpp(279): warning C4018: '<' : signed/unsigned mismatch
     1>c:\users\lucy\desktop\cs31\piano\piano\piano.cpp(314): warning C4018: '<' : signed/unsigned mismatch
     1>c:\users\lucy\desktop\cs31\piano\piano\piano.cpp(384): warning C4018: '<' : signed/unsigned mismatch
     1>c:\users\lucy\desktop\cs31\piano\piano\piano.cpp(512): warning C4018: '>=' : signed/unsigned mismatch
     1>c:\users\lucy\desktop\cs31\piano\piano\piano.cpp(72): warning C4715: 'isTuneWellFormed' : not all control paths return a value
     1>c:\users\lucy\desktop\cs31\piano\piano\piano.cpp(274): warning C4715: 'getSingleNote' : not all control paths return a value
     1>c:\users\lucy\desktop\cs31\piano\piano\piano.cpp(310): warning C4715: 'getMultiNote' : not all control paths return a value
       Link:
         C:\Program Files (x86)\Microsoft Visual Studio 12.0\VC\bin\link.exe /ERRORREPORT:PROMPT /OUT:"C:\Users\Lucy\Desktop\CS31\piano\Debug\piano.exe" /INCREMENTAL /NOLOGO kernel32.lib user32.lib gdi32.lib winspool.lib comdlg32.lib advapi32.lib shell32.lib ole32.lib oleaut32.lib uuid.lib odbc32.lib odbccp32.lib /MANIFEST /MANIFESTUAC:"level='asInvoker' uiAccess='false'" /manifest:embed /DEBUG /PDB:"C:\Users\Lucy\Desktop\CS31\piano\Debug\piano.pdb" /SUBSYSTEM:CONSOLE /TLBID:1 /DYNAMICBASE /NXCOMPAT /IMPLIB:"C:\Users\Lucy\Desktop\CS31\piano\Debug\piano.lib" /MACHINE:X86 Debug\piano.obj
         piano.vcxproj -> C:\Users\Lucy\Desktop\CS31\piano\Debug\piano.exe
     1>Done Building Project "C:\Users\Lucy\Desktop\CS31\piano\piano\piano.vcxproj" (Build target(s)).

Build succeeded.

Time Elapsed 00:00:01.34
